0.9519073367118835
0.9909276962280273
0.9867764115333557
0.9941840767860413
0.9232534766197205
0.00941380299627781
0.005346670746803284
0.9519073367118835
0.7878167629241943
0.03546075522899628
0.06833025068044662
0.43527618050575256
0.017235368490219116
0.9791731834411621
0.005346670746803284
0.9941840767860413
0.9910195469856262
0.005346670746803284
0.03617706894874573
0.9867424964904785
0.2833355665206909
0.9773554801940918
0.751955509185791
0.01816396787762642
0.985592246055603
0.9019379019737244
0.00902333203703165
0.005346670746803284
0.008425931446254253
0.0674397274851799
0.9040985703468323
0.008341467939317226
0.026278484612703323
0.9928885102272034
0.9895550012588501
0.9941840767860413
0.2617383599281311
0.005811545066535473
0.01153378002345562
0.02693084068596363
0.0531795509159565
0.007010849192738533
0.043824341148138046
0.008925873786211014
0.010753114707767963
0.3538320064544678
0.10157503932714462
0.008341467939317226
0.9864550828933716
0.14855384826660156
0.008341467939317226
0.029111597687005997
0.005346670746803284
0.9835489392280579
